C51 COMPILER V9.54   MAIN                                                                  07/31/2022 18:03:14 PAGE 1   


C51 COMPILER V9.54, COMPILATION OF MODULE MAIN
OBJECT MODULE PLACED IN .\Objects\main.obj
COMPILER INVOKED BY: C:\Keil5\C51\BIN\C51.EXE main.c OPTIMIZE(8,SPEED) BROWSE DEBUG OBJECTEXTEND PRINT(.\Listings\main.l
                    -st) TABS(2) OBJECT(.\Objects\main.obj)

line level    source

   1          #include <REGX52.H>
   2          #include <INTRINS.H>
   3          
   4          void Delay1000ms()    //@11.0592MHz
   5          {
   6   1        unsigned char i, j, k;
   7   1      
   8   1        _nop_();
   9   1        i = 8;
  10   1        j = 1;
  11   1        k = 243;
  12   1        do
  13   1        {
  14   2          do
  15   2          {
  16   3            while (--k);
  17   3          } while (--j);
  18   2        } while (--i);
  19   1      }
  20          
  21          
  22          
  23          void main()
  24          {
  25   1        while(1)
  26   1        {
  27   2          P1=0xFE;
  28   2          Delay1000ms();
  29   2          P1=0xFF;
  30   2          Delay1000ms();
  31   2        }
  32   1      } 


MODULE INFORMATION:   STATIC OVERLAYABLE
   CODE SIZE        =     28    ----
   CONSTANT SIZE    =   ----    ----
   XDATA SIZE       =   ----    ----
   PDATA SIZE       =   ----    ----
   DATA SIZE        =   ----    ----
   IDATA SIZE       =   ----    ----
   BIT SIZE         =   ----    ----
END OF MODULE INFORMATION.


C51 COMPILATION COMPLETE.  0 WARNING(S),  0 ERROR(S)
