C51 COMPILER V9.54   MAIN                                                                  08/05/2022 00:53:07 PAGE 1   


C51 COMPILER V9.54, COMPILATION OF MODULE MAIN
OBJECT MODULE PLACED IN .\Objects\main.obj
COMPILER INVOKED BY: C:\Keil5\C51\BIN\C51.EXE main.c OPTIMIZE(8,SPEED) BROWSE DEBUG OBJECTEXTEND PRINT(.\Listings\main.l
                    -st) TABS(2) OBJECT(.\Objects\main.obj)

line level    source

   1          #include <REGX52.H>
   2          #include "UART.h"
   3          
   4          void main()
   5          {
   6   1        UART_Init();
   7   1        while(1);
   8   1      }
   9          
  10          void UART_Routine() interrupt 4
  11          {
  12   1        if(RI==1)
  13   1        {
  14   2          P1=SBUF;        // 接收到的信息赋给 P1 口
  15   2          UART_Send(P1);  // 将接收到的值返回给 PC 端
  16   2          RI=0;           // ReceiverInterrupt 软件复位中断标志位
  17   2        }
  18   1      }


MODULE INFORMATION:   STATIC OVERLAYABLE
   CODE SIZE        =     74    ----
   CONSTANT SIZE    =   ----    ----
   XDATA SIZE       =   ----    ----
   PDATA SIZE       =   ----    ----
   DATA SIZE        =   ----    ----
   IDATA SIZE       =   ----    ----
   BIT SIZE         =   ----    ----
END OF MODULE INFORMATION.


C51 COMPILATION COMPLETE.  0 WARNING(S),  0 ERROR(S)
