C51 COMPILER V9.01   DIGITRON_DRV                                                          08/03/2019 23:45:11 PAGE 1   


C51 COMPILER V9.01, COMPILATION OF MODULE DIGITRON_DRV
OBJECT MODULE PLACED IN digitron_drv.OBJ
COMPILER INVOKED BY: C:\Keil\C51\BIN\C51.EXE digitron_drv.c BROWSE DEBUG OBJECTEXTEND

line level    source

   1          /*=======================================================
   2          <<<<<<<<<<<<<<<<<<< Collect By Jack >>>>>>>>>>>>>>>>>>>>
   3          ---------------------------------------------------------
   4          ---------------------------------------------------------
   5                         All right reserved.2019.07
   6          ---------------------------------------------------------
   7           file name: digitron_drv.c
   8           desc: driver of ditital tube
   9           author: ?
  10          =========================================================
  11          ----------------------------------------------------------------------------------------------------------
             --*/
  12          #include "digitron_drv.h"
  13          
  14          code uint8 Segment[] = {0xc0,0xf9,0xa4,0xb0,0x99,0x92,0x82,0xf8,0x80,0x90};
  15          code uint8 Select[] = {0xff,0x01,0x02,0x04,0x08,0x10,0x20,0x40,0x80};
  16          
  17          /**********************************************
  18          desc:
  19              Select digital tube and show number on it
  20          params:
  21              SelectByte:  choice which tube to turn on
  22              SegmentByte: show number on tube
  23          return:
  24              void
  25          **********************************************/
  26          static void DigOutput(uint8 SelectByte, uint8 SegmentByte)
  27          {
  28   1          uint8 i;
  29   1          
  30   1              DIG_SHCP = 0;
  31   1              DIG_STCP = 0;
  32   1      
  33   1              for(i=0; i<8; i++)
  34   1              {
  35   2                  if(SegmentByte&0x80)
  36   2              {
  37   3                      DIG_DATA = 1;
  38   3              }
  39   2                      else
  40   2              {
  41   3                          DIG_DATA = 0;
  42   3              }
  43   2                      _nop_();
  44   2                      DIG_SHCP = 1;
  45   2                      _nop_();
  46   2                      DIG_SHCP = 0;
  47   2                      _nop_();
  48   2                      SegmentByte <<= 1;
  49   2              }
  50   1              for(i=0; i<8; i++)
  51   1              {
  52   2                  if(SelectByte&0x80)
  53   2                      DIG_DATA = 1;
  54   2                      else
C51 COMPILER V9.01   DIGITRON_DRV                                                          08/03/2019 23:45:11 PAGE 2   

  55   2                          DIG_DATA = 0;
  56   2                      _nop_();
  57   2                      DIG_SHCP = 1;
  58   2                      _nop_();
  59   2                      DIG_SHCP = 0;
  60   2                      _nop_();
  61   2                      SelectByte <<= 1;
  62   2              }
  63   1              DIG_STCP = 1;
  64   1              _nop_();
  65   1              DIG_STCP = 0;
  66   1              _nop_();
  67   1      }
  68          
  69          /**********************************************
  70          desc:
  71              turn on digital tube of special
  72          params:
  73              DigSelect: position number, from 1 to 8 mean right to left
  74              Number: show numer to tube, number is 0-9
  75                  Dp: if turn point
  76          return:
  77              void
  78          **********************************************/
  79          void DigShowNumber(uint8 DigSelect, uint8 Number, bit Dp)
  80          {
  81   1          if((0<DigSelect<9)&&(Number<10))
  82   1          {
  83   2              if(Dp)
  84   2              {
  85   3                  DigOutput(Select[DigSelect],(Segment[Number]&~0x80));
  86   3              }
  87   2              else
  88   2              {
  89   3                  DigOutput(Select[DigSelect],(Segment[Number]|0x80));
  90   3              }
  91   2          }
  92   1      }


MODULE INFORMATION:   STATIC OVERLAYABLE
   CODE SIZE        =    119    ----
   CONSTANT SIZE    =     19    ----
   XDATA SIZE       =   ----    ----
   PDATA SIZE       =   ----    ----
   DATA SIZE        =   ----    ----
   IDATA SIZE       =   ----    ----
   BIT SIZE         =   ----       1
END OF MODULE INFORMATION.


C51 COMPILATION COMPLETE.  0 WARNING(S),  0 ERROR(S)
