C51 COMPILER V9.54   MAIN                                                                  07/31/2022 22:24:02 PAGE 1   


C51 COMPILER V9.54, COMPILATION OF MODULE MAIN
OBJECT MODULE PLACED IN .\Objects\main.obj
COMPILER INVOKED BY: C:\Keil5\C51\BIN\C51.EXE main.c OPTIMIZE(8,SPEED) BROWSE DEBUG OBJECTEXTEND PRINT(.\Listings\main.l
                    -st) TABS(2) OBJECT(.\Objects\main.obj)

line level    source

   1          #include <REGX52.H>
   2          
   3          void Delayxms(unsigned int xms)   //@11.0592MHz
   4          {
   5   1        unsigned char i, j;
   6   1      
   7   1        while(xms--)
   8   1        {
   9   2          i = 2;
  10   2          j = 199;
  11   2          do
  12   2          {
  13   3            while (--j);
  14   3          } while (--i);
  15   2        }
  16   1      }
  17          
  18          /*
  19          * P1.0 left button
  20          * P1.1 led1
  21          * P1.1 led2
  22          * P1.1 led3
  23          * P1.1 led4
  24          * P1.1 led5
  25          * P1.1 led6
  26          * P1.1 led7
  27          * 
  28          * button and led used same I/O unable to finish this project
  29          */
  30          void main()
  31          {
  32   1        unsigned char LedNum=1;
  33   1        while(1)
  34   1        {
  35   2          if(P1_0==0)
  36   2          {
  37   3            Delayxms(20);
  38   3            while(P1_0==0);
  39   3            Delayxms(20);
  40   3            
  41   3            LedNum++;
  42   3            P2=~LedNum;
  43   3          }
  44   2        }
  45   1      }


MODULE INFORMATION:   STATIC OVERLAYABLE
   CODE SIZE        =     50    ----
   CONSTANT SIZE    =   ----    ----
   XDATA SIZE       =   ----    ----
   PDATA SIZE       =   ----    ----
   DATA SIZE        =   ----    ----
   IDATA SIZE       =   ----    ----
C51 COMPILER V9.54   MAIN                                                                  07/31/2022 22:24:02 PAGE 2   

   BIT SIZE         =   ----    ----
END OF MODULE INFORMATION.


C51 COMPILATION COMPLETE.  0 WARNING(S),  0 ERROR(S)
