C51 COMPILER V9.54   MATRIXKEY                                                             08/03/2022 00:06:50 PAGE 1   


C51 COMPILER V9.54, COMPILATION OF MODULE MATRIXKEY
OBJECT MODULE PLACED IN .\Objects\MatrixKey.obj
COMPILER INVOKED BY: C:\Keil5\C51\BIN\C51.EXE MatrixKey.c OPTIMIZE(8,SPEED) BROWSE DEBUG OBJECTEXTEND PRINT(.\Listings\M
                    -atrixKey.lst) TABS(2) OBJECT(.\Objects\MatrixKey.obj)

line level    source

   1          #include <REGX52.H>
   2          #include "Delay.h"
   3          
   4          unsigned char MatrixKey()
   5          {
   6   1        unsigned char tmp = 0;
   7   1      //  P1=0xFF;
   8   1      //  P1_0=0;
   9   1        P1=0xFE;
  10   1        if(P1_4==0) { Delay(20); while(P1_4==0); Delay(20); tmp = 1; }
  11   1        if(P1_5==0) { Delay(20); while(P1_5==0); Delay(20); tmp = 2; }
  12   1        if(P1_6==0) { Delay(20); while(P1_6==0); Delay(20); tmp = 3; }
  13   1        if(P1_7==0) { Delay(20); while(P1_7==0); Delay(20); tmp = 4; }
  14   1        
  15   1      //  P1=0xFF;
  16   1      //  P1_1=0;
  17   1        P1=0xFD;
  18   1        if(P1_4==0) { Delay(20); while(P1_4==0); Delay(20); tmp = 5; }
  19   1        if(P1_5==0) { Delay(20); while(P1_5==0); Delay(20); tmp = 6; }
  20   1        if(P1_6==0) { Delay(20); while(P1_6==0); Delay(20); tmp = 7; }
  21   1        if(P1_7==0) { Delay(20); while(P1_7==0); Delay(20); tmp = 8; }
  22   1        
  23   1      //  P1=0xFF;
  24   1      //  P1_2=0;
  25   1        P1=0xFB;
  26   1        if(P1_4==0) { Delay(20); while(P1_4==0); Delay(20); tmp = 9; }
  27   1        if(P1_5==0) { Delay(20); while(P1_5==0); Delay(20); tmp = 10; }
  28   1        if(P1_6==0) { Delay(20); while(P1_6==0); Delay(20); tmp = 11; }
  29   1        if(P1_7==0) { Delay(20); while(P1_7==0); Delay(20); tmp = 12; }
  30   1        
  31   1      //  P1=0xFF;
  32   1      //  P1_3=0;
  33   1        P1=0xF7;
  34   1        if(P1_4==0) { Delay(20); while(P1_4==0); Delay(20); tmp = 13; }
  35   1        if(P1_5==0) { Delay(20); while(P1_5==0); Delay(20); tmp = 14; }
  36   1        if(P1_6==0) { Delay(20); while(P1_6==0); Delay(20); tmp = 15; }
  37   1        if(P1_7==0) { Delay(20); while(P1_7==0); Delay(20); tmp = 16; }
  38   1        
  39   1        return tmp;
  40   1      }


MODULE INFORMATION:   STATIC OVERLAYABLE
   CODE SIZE        =    322    ----
   CONSTANT SIZE    =   ----    ----
   XDATA SIZE       =   ----    ----
   PDATA SIZE       =   ----    ----
   DATA SIZE        =   ----       1
   IDATA SIZE       =   ----    ----
   BIT SIZE         =   ----    ----
END OF MODULE INFORMATION.


C51 COMPILATION COMPLETE.  0 WARNING(S),  0 ERROR(S)
