C51 COMPILER V9.01   MAIN                                                                  07/28/2019 20:52:04 PAGE 1   


C51 COMPILER V9.01, COMPILATION OF MODULE MAIN
OBJECT MODULE PLACED IN main.OBJ
COMPILER INVOKED BY: C:\Keil\C51\BIN\C51.EXE main.c BROWSE DEBUG OBJECTEXTEND

line level    source

   1          #include <reg52.h>
   2          #include "digitron_drv.h"
   3          #include "IIC_drv.h"
   4          
   5          void main(void){
   6   1              unsigned char num = 0;
   7   1              unsigned short i = 0;
   8   1              //ReadIIC(unsigned char device,unsigned char address);
   9   1              num = ReadIIC(0xa0, 10);
  10   1              if(num>99){
  11   2                              num = 0;
  12   2              }
  13   1              while(1){
  14   2                      i++;
  15   2                      if (i>500){
  16   3                              i=0;
  17   3                              num++;
  18   3                              if(num>12){
  19   4                                      num=0;
  20   4                              }
  21   3                              //WriteIIC(unsigned char device,unsigned char address,unsigned char temp);
  22   3                              WriteIIC(0xa0, 10, num);
  23   3                      }
  24   2                      DigShowNumber(2, num/10, 0);
  25   2                      DigShowNumber(1, num%10, 0);
  26   2              }
  27   1      }


MODULE INFORMATION:   STATIC OVERLAYABLE
   CODE SIZE        =    100    ----
   CONSTANT SIZE    =   ----    ----
   XDATA SIZE       =   ----    ----
   PDATA SIZE       =   ----    ----
   DATA SIZE        =   ----       3
   IDATA SIZE       =   ----    ----
   BIT SIZE         =   ----    ----
END OF MODULE INFORMATION.


C51 COMPILATION COMPLETE.  0 WARNING(S),  0 ERROR(S)
