C51 COMPILER V9.54   KEY                                                                   08/11/2022 02:34:00 PAGE 1   


C51 COMPILER V9.54, COMPILATION OF MODULE KEY
OBJECT MODULE PLACED IN .\Objects\Key.obj
COMPILER INVOKED BY: C:\Keil5\C51\BIN\C51.EXE Key.c OPTIMIZE(8,SPEED) BROWSE DEBUG OBJECTEXTEND PRINT(.\Listings\Key.lst
                    -) TABS(2) OBJECT(.\Objects\Key.obj)

line level    source

   1          #include <REGX52.H>
   2          
   3          unsigned char Key_Pushed;
   4          
   5          /**
   6            * @brief 返回当前时刻按键值，0表示没按下，1-4表示独立按键
   7            * @param 无
   8            * @retval 按键值
   9            */
  10          unsigned char Key_GetState()
  11          {
  12   1        unsigned char KeyNum=0;
  13   1        if(P1_0==0) KeyNum=1;
  14   1        if(P1_1==0) KeyNum=2;
  15   1        if(P1_2==0) KeyNum=3;
  16   1        if(P1_3==0) KeyNum=4;
  17   1        return KeyNum;
  18   1      }
  19          
  20          /**
  21            * @brief 定时器监听程序，每隔20ms检测按键状态，边沿触发模式
  22            * @param 无
  23            * @retval 无
  24            */
  25          void Key_Loop()
  26          {
  27   1        static unsigned char LastState, CurrentState; 
  28   1        LastState=CurrentState;
  29   1        CurrentState=Key_GetState();
  30   1        if(LastState==1 && CurrentState==0) {Key_Pushed=1;} // 如果20ms前为1，20ms后为0，表示按下1并
             -松手的过程
  31   1        if(LastState==2 && CurrentState==0) {Key_Pushed=2;}
  32   1        if(LastState==3 && CurrentState==0) {Key_Pushed=3;}
  33   1        if(LastState==4 && CurrentState==0) {Key_Pushed=4;}
  34   1        // 如果条件改成 LastState==0 && CurrentState==4 就可以实现下降沿触发的效果了
  35   1      }
  36          
  37          /**
  38            * @brief 通过定时器方式判断独立键盘按键值，左，上，下，右分别返回1，2，3，
             -4
  39            * @param 无
  40            * @retval 键位值
  41            */
  42          unsigned char Key()
  43          {
  44   1        unsigned char Temp=0;
  45   1        Temp=Key_Pushed;
  46   1        Key_Pushed=0;
  47   1        return Temp;
  48   1      }
  49          
  50          


C51 COMPILER V9.54   KEY                                                                   08/11/2022 02:34:00 PAGE 2   

MODULE INFORMATION:   STATIC OVERLAYABLE
   CODE SIZE        =     85    ----
   CONSTANT SIZE    =   ----    ----
   XDATA SIZE       =   ----    ----
   PDATA SIZE       =   ----    ----
   DATA SIZE        =      3    ----
   IDATA SIZE       =   ----    ----
   BIT SIZE         =   ----    ----
END OF MODULE INFORMATION.


C51 COMPILATION COMPLETE.  0 WARNING(S),  0 ERROR(S)
