C51 COMPILER V9.01   LCD1602_DRV                                                           07/31/2019 01:07:47 PAGE 1   


C51 COMPILER V9.01, COMPILATION OF MODULE LCD1602_DRV
OBJECT MODULE PLACED IN LCD1602_drv.OBJ
COMPILER INVOKED BY: C:\Keil\C51\BIN\C51.EXE LCD1602_drv.c BROWSE DEBUG OBJECTEXTEND

line level    source

   1          #include "LCD1602_drv.h"
   2          /*>>>>>>>>>>>>>>>>>>>>>>>>>液晶驱动开始>>>>>>>>>>>>>>>>>>>>>>*/
   3          
   4          sbit RS = P2^7;   //定义液晶控制端口
   5          sbit RW = P2^6;
   6          sbit EN = P2^5;
   7          
   8          #define CHECK_BUSY
   9          
  10          #define RS_CLR RS=0 
  11          #define RS_SET RS=1
  12          
  13          #define RW_CLR RW=0 
  14          #define RW_SET RW=1 
  15          
  16          #define EN_CLR EN=0
  17          #define EN_SET EN=1
  18          
  19          #define DataPort P0
  20          
  21          
  22          /*------------------------------------------------
  23           uS延时函数，含有输入参数 unsigned char t，无返回值
  24           unsigned char 是定义无符号字符变量，其值的范围是
  25           0~255 这里使用晶振12M，精确延时请使用汇编,大致延时
  26           长度如下 T=tx2+5 uS 
  27          ------------------------------------------------*/
  28          void DelayUs2x(unsigned char t)
  29          {   
  30   1          while(--t);
  31   1      }
  32          /*------------------------------------------------
  33           mS延时函数，含有输入参数 unsigned char t，无返回值
  34           unsigned char 是定义无符号字符变量，其值的范围是
  35           0~255 这里使用晶振12M，精确延时请使用汇编
  36          ------------------------------------------------*/
  37          void DelayMs(unsigned char t)
  38          {
  39   1           
  40   1          while(t--)
  41   1          {
  42   2               //大致延时1mS
  43   2               DelayUs2x(245);
  44   2               DelayUs2x(245);
  45   2          }
  46   1      }
  47          
  48          /*------------------------------------------------
  49                        判忙函数
  50          ------------------------------------------------*/
  51          bit LCD_Check_Busy(void) 
  52          { 
  53   1          #ifdef CHECK_BUSY
  54   1          DataPort= 0xFF; 
  55   1          RS_CLR; 
C51 COMPILER V9.01   LCD1602_DRV                                                           07/31/2019 01:07:47 PAGE 2   

  56   1          RW_SET; 
  57   1          EN_CLR; 
  58   1          _nop_(); 
  59   1          EN_SET;
  60   1          return (bit)(DataPort & 0x80);
  61   1          #else
                  return 0;
                  #endif
  64   1      }
  65          /*------------------------------------------------
  66                        写入命令函数
  67          -----------------   ----------------------------*/
  68          void LCD_Write_Com(unsigned char com) 
  69          {  
  70   1          while(LCD_Check_Busy()); //忙则等待
  71   1          RS_CLR; 
  72   1          RW_CLR; 
  73   1          EN_SET; 
  74   1          DataPort= com; 
  75   1          _nop_(); 
  76   1          EN_CLR;
  77   1      }
  78          /*------------------------------------------------
  79                        写入数据函数
  80          ------------------------------------------------*/
  81          void LCD_Write_Data(unsigned char Data) 
  82          { 
  83   1          while(LCD_Check_Busy()); //忙则等待
  84   1          RS_SET; 
  85   1          RW_CLR; 
  86   1          EN_SET; 
  87   1          DataPort= Data; 
  88   1          _nop_();
  89   1          EN_CLR;
  90   1      }
  91          
  92          /*------------------------------------------------
  93                          清屏函数
  94          ------------------------------------------------*/
  95          void LCD_Clear(void) 
  96          { 
  97   1          LCD_Write_Com(0x01); 
  98   1          DelayMs(5);
  99   1      }
 100          /*------------------------------------------------
 101                        写入字符串函数
 102          ------------------------------------------------*/
 103          void LCD_Write_String(unsigned char x,unsigned char y,unsigned char *s)
 104          {     
 105   1          if (y == 0) 
 106   1          {     
 107   2              LCD_Write_Com(0x80 + x);     //表示第一行
 108   2          }
 109   1          else 
 110   1          {      
 111   2              LCD_Write_Com(0xC0 + x);      //表示第二行
 112   2          }    
 113   1          while(*s != '\0') //字符的尾部
 114   1          {
 115   2              LCD_Write_Data( *s);     
 116   2              s ++;
 117   2          }
C51 COMPILER V9.01   LCD1602_DRV                                                           07/31/2019 01:07:47 PAGE 3   

 118   1      }
 119          
 120          /*------------------------------------------------
 121                        初始化函数
 122          ------------------------------------------------*/
 123          void LCD_Init(void) 
 124          {
 125   1         LCD_Write_Com(0x38);    /*显示模式设置*/ 
 126   1         DelayMs(5); 
 127   1         LCD_Write_Com(0x38); 
 128   1         DelayMs(5); 
 129   1         LCD_Write_Com(0x38); 
 130   1         DelayMs(5); 
 131   1         LCD_Write_Com(0x38);  
 132   1         LCD_Write_Com(0x08);    /*显示关闭*/ 
 133   1         LCD_Write_Com(0x01);    /*显示清屏*/ 
 134   1         LCD_Write_Com(0x06);    /*显示光标移动设置*/ 
 135   1         DelayMs(5); 
 136   1         LCD_Write_Com(0x0C);    /*显示开及光标设置*/
 137   1      }
 138          
 139          /*>>>>>>>>>>>>>>>>>>>>>>>>>液晶驱动结束>>>>>>>>>>>>>>>>>>>>>>*/


MODULE INFORMATION:   STATIC OVERLAYABLE
   CODE SIZE        =    167    ----
   CONSTANT SIZE    =   ----    ----
   XDATA SIZE       =   ----    ----
   PDATA SIZE       =   ----    ----
   DATA SIZE        =   ----    ----
   IDATA SIZE       =   ----    ----
   BIT SIZE         =   ----    ----
END OF MODULE INFORMATION.


C51 COMPILATION COMPLETE.  0 WARNING(S),  0 ERROR(S)
