C51 COMPILER V9.54   MAIN                                                                  08/11/2022 01:24:08 PAGE 1   


C51 COMPILER V9.54, COMPILATION OF MODULE MAIN
OBJECT MODULE PLACED IN .\Objects\main.obj
COMPILER INVOKED BY: C:\Keil5\C51\BIN\C51.EXE main.c OPTIMIZE(8,SPEED) BROWSE DEBUG OBJECTEXTEND PRINT(.\Listings\main.l
                    -st) TABS(2) OBJECT(.\Objects\main.obj)

line level    source

   1          #include <REGX52.H>
   2          #include "LCD1602.h"
   3          #include "DS18B20.h"
   4          #include "Delay.h"
   5          
   6          float T;
   7          
   8          void main()
   9          {
  10   1        DS18B20_ConvertT(); // 程序开始时先 Convert 覆盖默认的85度
  11   1        Delay(1000);  // 不过很奇怪，这个延时好像并不起作用
  12   1        
  13   1        LCD_Init();
  14   1        LCD_ShowString(1,1,"Temperature:");
  15   1        
  16   1        while(1)
  17   1        {
  18   2          DS18B20_ConvertT(); // 转化温度
  19   2          T=DS18B20_ReadTemp(); // 读取温度
  20   2          // 显示温度
  21   2          if(T<0)
  22   2          {
  23   3            LCD_ShowChar(2,1,'-');
  24   3            T=-T;
  25   3          } else {
  26   3            LCD_ShowChar(2,1,'+');
  27   3          }
  28   2          LCD_ShowNum(2,2,T,3); // 整数部分
  29   2          LCD_ShowChar(2,5,'.');
  30   2          LCD_ShowNum(2,6,((unsigned long)(T*10000))%10000,4);  // 小数部分
  31   2        }
  32   1      }
  33          


MODULE INFORMATION:   STATIC OVERLAYABLE
   CODE SIZE        =    176    ----
   CONSTANT SIZE    =     13    ----
   XDATA SIZE       =   ----    ----
   PDATA SIZE       =   ----    ----
   DATA SIZE        =      4    ----
   IDATA SIZE       =   ----    ----
   BIT SIZE         =   ----    ----
END OF MODULE INFORMATION.


C51 COMPILATION COMPLETE.  0 WARNING(S),  0 ERROR(S)
