C51 COMPILER V9.54   MAIN                                                                  07/31/2022 21:58:38 PAGE 1   


C51 COMPILER V9.54, COMPILATION OF MODULE MAIN
OBJECT MODULE PLACED IN .\Objects\main.obj
COMPILER INVOKED BY: C:\Keil5\C51\BIN\C51.EXE main.c OPTIMIZE(8,SPEED) BROWSE DEBUG OBJECTEXTEND PRINT(.\Listings\main.l
                    -st) TABS(2) OBJECT(.\Objects\main.obj)

line level    source

   1          #include <REGX52.H>
   2          
   3          void Delay1ms()   //@11.0592MHz
   4          {
   5   1        unsigned char i, j;
   6   1      
   7   1        i = 2;
   8   1        j = 199;
   9   1        do
  10   1        {
  11   2          while (--j);
  12   2        } while (--i);
  13   1      }
  14          
  15          void Delaynms(unsigned int nms)
  16          {
  17   1        while(nms)
  18   1        {
  19   2          Delay1ms();
  20   2          nms--;
  21   2        }
  22   1      }
  23          
  24          /**
  25          * left  P1.0
  26          * up    P1.1
  27          * down  P1.2
  28          * right P1.3
  29          *
  30          * led   P1.7
  31          * 轻触按键按下时会有 5-10 ms 的抖动
  32          */
  33          void main()
  34          {
  35   1        while(1)
  36   1        {
  37   2          if(P1_2==0)
  38   2          {
  39   3            Delaynms(20);
  40   3            while(P1_2==0);
  41   3            Delaynms(20);
  42   3            P1_7=~P1_7;
  43   3          }
  44   2        }
  45   1      }


MODULE INFORMATION:   STATIC OVERLAYABLE
   CODE SIZE        =     52    ----
   CONSTANT SIZE    =   ----    ----
   XDATA SIZE       =   ----    ----
   PDATA SIZE       =   ----    ----
   DATA SIZE        =   ----    ----
   IDATA SIZE       =   ----    ----
C51 COMPILER V9.54   MAIN                                                                  07/31/2022 21:58:38 PAGE 2   

   BIT SIZE         =   ----    ----
END OF MODULE INFORMATION.


C51 COMPILATION COMPLETE.  0 WARNING(S),  0 ERROR(S)
