C51 COMPILER V9.54   KEY                                                                   08/12/2022 20:46:10 PAGE 1   


C51 COMPILER V9.54, COMPILATION OF MODULE KEY
OBJECT MODULE PLACED IN .\Objects\Key.obj
COMPILER INVOKED BY: C:\Keil5\C51\BIN\C51.EXE Key.c OPTIMIZE(8,SPEED) BROWSE DEBUG OBJECTEXTEND PRINT(.\Listings\Key.lst
                    -) TABS(2) OBJECT(.\Objects\Key.obj)

line level    source

   1          #include <REGX52.H>
   2          #include <Delay.h>
   3          
   4          unsigned char Key(void)
   5          {
   6   1        unsigned char KeyNum=0;
   7   1        if(P1_0==0) {Delay(20); while(P1_0==0); Delay(20); KeyNum=1;}
   8   1        if(P1_1==0) {Delay(20); while(P1_1==0); Delay(20); KeyNum=2;}
   9   1        if(P1_2==0) {Delay(20); while(P1_2==0); Delay(20); KeyNum=3;}
  10   1        if(P1_3==0) {Delay(20); while(P1_3==0); Delay(20); KeyNum=4;}
  11   1        return KeyNum;
  12   1      }


MODULE INFORMATION:   STATIC OVERLAYABLE
   CODE SIZE        =     97    ----
   CONSTANT SIZE    =   ----    ----
   XDATA SIZE       =   ----    ----
   PDATA SIZE       =   ----    ----
   DATA SIZE        =   ----       1
   IDATA SIZE       =   ----    ----
   BIT SIZE         =   ----    ----
END OF MODULE INFORMATION.


C51 COMPILATION COMPLETE.  0 WARNING(S),  0 ERROR(S)
