C51 COMPILER V9.01   SINGLE_PIPE                                                           07/26/2019 01:18:28 PAGE 1   


C51 COMPILER V9.01, COMPILATION OF MODULE SINGLE_PIPE
OBJECT MODULE PLACED IN single_pipe.OBJ
COMPILER INVOKED BY: C:\Keil\C51\BIN\C51.EXE single_pipe.c BROWSE DEBUG OBJECTEXTEND

line level    source

   1          #include "reg52.h"
   2          
   3          // In this script snippet, I will light the first digital pipe.
   4          // the order should be 0000, 0110, 0000, 0001 input order is from left to right
   5          
   6          sbit dig_data = P0^2;
   7          sbit shcp = P0^4;
   8          sbit stcp = P2^3;
   9          
  10          // 共阳二极管，显示位取反
  11          code unsigned char serials[] = {1,1,1,1,1,0,0,1,0,0,0,0,0,0,0,1}; 
  12          
  13          void main(void){
  14   1              unsigned int i;
  15   1              // init port
  16   1              shcp = 0;
  17   1              stcp = 0;                                                                                                       
  18   1      
  19   1              // loop data into shift register
  20   1              for(i=0;i<16;i++){
  21   2                      dig_data = serials[i];
  22   2                      shcp = 1;
  23   2                      shcp = 0;
  24   2              }
  25   1      
  26   1              // data transfer from shift register to storage register
  27   1              stcp = 1;
  28   1      
  29   1              // hold output
  30   1              while(1){}
  31   1      }


MODULE INFORMATION:   STATIC OVERLAYABLE
   CODE SIZE        =     35    ----
   CONSTANT SIZE    =     16    ----
   XDATA SIZE       =   ----    ----
   PDATA SIZE       =   ----    ----
   DATA SIZE        =   ----    ----
   IDATA SIZE       =   ----    ----
   BIT SIZE         =   ----    ----
END OF MODULE INFORMATION.


C51 COMPILATION COMPLETE.  0 WARNING(S),  0 ERROR(S)
