C51 COMPILER V9.54   MAIN                                                                  08/04/2022 00:59:53 PAGE 1   


C51 COMPILER V9.54, COMPILATION OF MODULE MAIN
OBJECT MODULE PLACED IN .\Objects\main.obj
COMPILER INVOKED BY: C:\Keil5\C51\BIN\C51.EXE main.c OPTIMIZE(8,SPEED) BROWSE DEBUG OBJECTEXTEND PRINT(.\Listings\main.l
                    -st) TABS(2) OBJECT(.\Objects\main.obj)

line level    source

   1          #include <REGX52.H>
   2          #include "Timer0.h"
   3          #include <INTRINS.H>
   4          #include "MatrixKey.h"
   5          
   6          unsigned char KeyNum;
   7          
   8          void main()
   9          {
  10   1        //Timer0Init();
  11   1        // 设置 LED 初始状态
  12   1        P1=0xFE;
  13   1        
  14   1        while(1)
  15   1        {
  16   2          // 由于按键冲突，使用矩阵按键代替
  17   2          KeyNum=MatrixKey();
  18   2          if(KeyNum==1)
  19   2          {
  20   3            P1_1=~P1_1;
  21   3          }
  22   2        }
  23   1      }
  24          
  25          /**
  26          * 中断逻辑: 流水灯，频率位 1s
  27          **/
  28          void Timer0_Rountine() interrupt 1
  29          {
  30   1        // 中断计数器
  31   1        static unsigned int T0Count;
  32   1        TL0 = 0x18;   //设置定时初值
  33   1        TH0 = 0xFC;   //设置定时初值
  34   1        T0Count++;
  35   1        if(T0Count>=1000)
  36   1        {
  37   2          // 重置计数器
  38   2          T0Count=0;
  39   2          P1=_crol_(P1, 1);
  40   2        }
  41   1      }
  42          
  43          
  44          


MODULE INFORMATION:   STATIC OVERLAYABLE
   CODE SIZE        =     79    ----
   CONSTANT SIZE    =   ----    ----
   XDATA SIZE       =   ----    ----
   PDATA SIZE       =   ----    ----
   DATA SIZE        =      3    ----
   IDATA SIZE       =   ----    ----
   BIT SIZE         =   ----    ----
C51 COMPILER V9.54   MAIN                                                                  08/04/2022 00:59:53 PAGE 2   

END OF MODULE INFORMATION.


C51 COMPILATION COMPLETE.  0 WARNING(S),  0 ERROR(S)
