C51 COMPILER V9.54   MAIN                                                                  08/14/2022 18:31:37 PAGE 1   


C51 COMPILER V9.54, COMPILATION OF MODULE MAIN
OBJECT MODULE PLACED IN .\Objects\main.obj
COMPILER INVOKED BY: C:\Keil5\C51\BIN\C51.EXE main.c OPTIMIZE(8,SPEED) BROWSE DEBUG OBJECTEXTEND PRINT(.\Listings\main.l
                    -st) TABS(2) OBJECT(.\Objects\main.obj)

line level    source

   1          #include <REGX52.H>
   2          #include <LCD1602.h>
   3          #include <IR.h>
   4          
   5          unsigned char Num;
   6          unsigned char Address;
   7          unsigned char Command;
   8          
   9          void main()
  10          {
  11   1        LCD_Init();
  12   1        LCD_ShowString(1,1,"ADDR CMD NUM");
  13   1        LCD_ShowString(2,1,"000  00  00");
  14   1        
  15   1        IR_Init();
  16   1        
  17   1        while(1)
  18   1        {
  19   2          
  20   2          if(IR_GetDataFlag()||IR_GetRepeatFlag())
  21   2          {
  22   3            Address=IR_GetAddress();
  23   3            Command=IR_GetCommand();
  24   3            
  25   3            LCD_ShowHexNum(2,1,Address,2);
  26   3            LCD_ShowHexNum(2,7,Command,2);
  27   3            
  28   3            if(Command==IR_VOL_MINUS)
  29   3            {
  30   4              Num--;
  31   4            }
  32   3            if(Command==IR_VOL_ADD)
  33   3            {
  34   4              Num++;
  35   4            }
  36   3            
  37   3          
  38   3            LCD_ShowNum(2,10,Num,3);
  39   3          }
  40   2        }
  41   1      }


MODULE INFORMATION:   STATIC OVERLAYABLE
   CODE SIZE        =    115    ----
   CONSTANT SIZE    =     25    ----
   XDATA SIZE       =   ----    ----
   PDATA SIZE       =   ----    ----
   DATA SIZE        =      3    ----
   IDATA SIZE       =   ----    ----
   BIT SIZE         =   ----    ----
END OF MODULE INFORMATION.


C51 COMPILATION COMPLETE.  0 WARNING(S),  0 ERROR(S)
