C51 COMPILER V9.54   MAIN                                                                  08/09/2022 02:30:55 PAGE 1   


C51 COMPILER V9.54, COMPILATION OF MODULE MAIN
OBJECT MODULE PLACED IN .\Objects\main.obj
COMPILER INVOKED BY: C:\Keil5\C51\BIN\C51.EXE main.c OPTIMIZE(8,SPEED) BROWSE DEBUG OBJECTEXTEND PRINT(.\Listings\main.l
                    -st) TABS(2) OBJECT(.\Objects\main.obj)

line level    source

   1          #include <REGX52.H>
   2          #include <Timer0.h>
   3          #include <Key.h>
   4          #include <Nixie.h>
   5          
   6          unsigned char KeyNum,Min,Sec,MiniSec;
   7          unsigned char RunFlag=1;
   8          
   9          void main()
  10          {
  11   1        Timer0_Init();
  12   1      
  13   1        while(1)
  14   1        {
  15   2          KeyNum=Key();
  16   2          if(KeyNum==1)
  17   2          {
  18   3            RunFlag=!RunFlag;
  19   3          }
  20   2          if(KeyNum==2)
  21   2          {
  22   3            Min=0;Sec=0;MiniSec=0;
  23   3          }
  24   2          // 显示秒表界面
  25   2          Nixie_SetBuf(1,Min/10);
  26   2          Nixie_SetBuf(2,Min%10);
  27   2          Nixie_SetBuf(3,11);
  28   2          Nixie_SetBuf(4,Sec/10);
  29   2          Nixie_SetBuf(5,Sec%10);
  30   2          Nixie_SetBuf(6,11);
  31   2          Nixie_SetBuf(7,MiniSec/10);
  32   2          Nixie_SetBuf(8,MiniSec%10);
  33   2        }
  34   1      }
  35          
  36          void Sec_Loop()
  37          {
  38   1        if(RunFlag) // 只有当Flag为1时，计数
  39   1        {
  40   2          MiniSec++;
  41   2          if(MiniSec>=100)
  42   2          {
  43   3            MiniSec=0;
  44   3            Sec++;
  45   3            if(Sec>=60)
  46   3            {
  47   4              Sec=0;
  48   4              Min++;
  49   4              if(Min>=60)
  50   4              {
  51   5                Min=0;
  52   5              }
  53   4            }
  54   3          }
C51 COMPILER V9.54   MAIN                                                                  08/09/2022 02:30:55 PAGE 2   

  55   2        }
  56   1      }
  57          
  58          void Timer0_Rountine() interrupt 1
  59          {
  60   1        // 中断计数器
  61   1        static unsigned int KeyCount,NixieCount,SecCount;
  62   1        TL0 = 0x18;   //设置定时初值
  63   1        TH0 = 0xFC;   //设置定时初值
  64   1        KeyCount++;
  65   1        if(KeyCount>=20)
  66   1        {
  67   2          KeyCount=0; // 重置计数器
  68   2          Key_Loop(); // 每20ms扫描一次按键
  69   2        }
  70   1        
  71   1        NixieCount++;
  72   1        if(NixieCount>=2)
  73   1        {
  74   2          NixieCount=0; // 重置计数器
  75   2          Nixie_Loop(); // 每2ms扫描一次按键
  76   2        }
  77   1        
  78   1        SecCount++;
  79   1        if(SecCount>=10)
  80   1        {
  81   2          SecCount=0;
  82   2          Sec_Loop();
  83   2        }
  84   1      }


MODULE INFORMATION:   STATIC OVERLAYABLE
   CODE SIZE        =    327    ----
   CONSTANT SIZE    =   ----    ----
   XDATA SIZE       =   ----    ----
   PDATA SIZE       =   ----    ----
   DATA SIZE        =     11    ----
   IDATA SIZE       =   ----    ----
   BIT SIZE         =   ----    ----
END OF MODULE INFORMATION.


C51 COMPILATION COMPLETE.  0 WARNING(S),  0 ERROR(S)
