C51 COMPILER V9.54   NIXIE                                                                 08/09/2022 02:08:22 PAGE 1   


C51 COMPILER V9.54, COMPILATION OF MODULE NIXIE
OBJECT MODULE PLACED IN .\Objects\Nixie.obj
COMPILER INVOKED BY: C:\Keil5\C51\BIN\C51.EXE Nixie.c OPTIMIZE(8,SPEED) BROWSE DEBUG OBJECTEXTEND PRINT(.\Listings\Nixie
                    -.lst) TABS(2) OBJECT(.\Objects\Nixie.obj)

line level    source

   1          #include <REGX52.H>
   2          
   3          sbit DATA=P0^2; // 穿行数据输入口
   4          sbit SHCP=P0^4; // 移位控制, 当信号从0变为1时，数据移动一位
   5          sbit STCP=P2^3; // 并行输出控制位
   6          
   7          // 数码管显示区               0   1     2   3     4   5     6   7     8   9   灭   -
   8          code unsigned char Nixie[]={0xc0,0xf9,0xa4,0xb0,0x99,0x92,0x82,0xf8,0x80,0x90,0xff,0xbf}; 
   9          // 位选区
  10          code unsigned char Position[]={0x00,0x80,0x40,0x20,0x10,0x08,0x04,0x02,0x01}; 
  11          // 数码管显示缓存区，main 中通过改变他来指定每个数码管的显示内容
  12          unsigned char Nixie_Buf[9]={0,10,10,10,10,10,10,10,10};
  13          
  14          /**
  15            * @brief 改变 Nixie_Buf 的值，间接改变扫描显示的值
  16            * @param Location：位置，1-8；Number：段码表 Nixie 的范围
  17            * @retval 无
  18            */
  19          void Nixie_SetBuf(unsigned char Location, Number)
  20          {
  21   1        Nixie_Buf[Location]=Number;
  22   1      }
  23          
  24          /**
  25            * @brief 八位数码管显示
  26            * @param pos: 位选信号,取值范围1-8，e.g. 1选中最左边的数码管
  27            *         val: 需要显示的数值
  28            * @retval 
  29            */
  30          void Nixie_Scan(unsigned char pos, unsigned char val)
  31          {
  32   1        unsigned char seg=Nixie[val];
  33   1        unsigned char i,position=Position[pos];
  34   1        SHCP=0;
  35   1        STCP=0;
  36   1        // 先将要显示的8位数据移入寄存器
  37   1        for(i=0; i<8; i++)
  38   1        {
  39   2          if(seg & 0x80)
  40   2          {
  41   3            DATA=1;
  42   3          }else{
  43   3            DATA=0;
  44   3          }
  45   2          // 0->1 移位数据
  46   2          SHCP=1;
  47   2          SHCP=0;
  48   2          // 这里时按照以前视频的习惯写的，如果按照最新的习惯应该时再上面通过 0x80
             ->>i 操作数据
  49   2          seg<<=1;
  50   2        }
  51   1        // process position next
  52   1        for(i=0; i<8; i++)
  53   1        {
C51 COMPILER V9.54   NIXIE                                                                 08/09/2022 02:08:22 PAGE 2   

  54   2          if(position & 0x80)
  55   2          {
  56   3            DATA=1;
  57   3          }else{
  58   3            DATA=0;
  59   3          }
  60   2          // change TTL to move data
  61   2          SHCP=1;
  62   2          SHCP=0;
  63   2          // data move left
  64   2          position<<=1;
  65   2        }
  66   1        // 松开闸门，将串行数据并行输出
  67   1        STCP=1;
  68   1      }
  69          
  70          /**
  71            * @brief 定时器监听程序，每隔20ms检测按键状态
  72            * @param 无
  73            * @retval 无
  74            */
  75          void Nixie_Loop()
  76          {
  77   1        static unsigned char i=0;
  78   1        Nixie_Scan(i, Nixie_Buf[i]);
  79   1        i++;
  80   1        if(i>=9){i=0;}
  81   1      }


MODULE INFORMATION:   STATIC OVERLAYABLE
   CODE SIZE        =    101    ----
   CONSTANT SIZE    =     21    ----
   XDATA SIZE       =   ----    ----
   PDATA SIZE       =   ----    ----
   DATA SIZE        =     10    ----
   IDATA SIZE       =   ----    ----
   BIT SIZE         =   ----    ----
END OF MODULE INFORMATION.


C51 COMPILATION COMPLETE.  0 WARNING(S),  0 ERROR(S)
