C51 COMPILER V9.54   AT24C02                                                               08/08/2022 21:29:02 PAGE 1   


C51 COMPILER V9.54, COMPILATION OF MODULE AT24C02
OBJECT MODULE PLACED IN .\Objects\AT24C02.obj
COMPILER INVOKED BY: C:\Keil5\C51\BIN\C51.EXE AT24C02.c OPTIMIZE(8,SPEED) BROWSE DEBUG OBJECTEXTEND PRINT(.\Listings\AT2
                    -4C02.lst) TABS(2) OBJECT(.\Objects\AT24C02.obj)

line level    source

   1          #include <REGX52.H>
   2          #include <I2C.h>
   3          
   4          // 开发板地址线是 001，但是他的芯片是国产芯片，默认都是接的0，
   5          // 直接自闭，debug了1小时，最后看十年前的开发板附送的例子才知道
   6          #define AT24C02_DEVICE 0xA0 
   7          
   8          /**
   9            * @brief 写入一个字节
  10            * @param WordAddress: 字地址
  11            *         Data: 写入的数据
  12            * @retval 无
  13            */
  14          void AT24C02_WriteByte(unsigned char WordAddress, Data)
  15          {
  16   1        I2C_Start();
  17   1        I2C_SendByte(AT24C02_DEVICE);
  18   1        I2C_ReceiveAck();
  19   1        I2C_SendByte(WordAddress);
  20   1        I2C_ReceiveAck();
  21   1        I2C_SendByte(Data);
  22   1        I2C_ReceiveAck();
  23   1        I2C_Stop();
  24   1      }
  25          
  26          /**
  27            * @brief 读取一个字节
  28            * @param WordAddress: 字地址
  29            * @retval 字地址的值
  30            */
  31          unsigned char AT24C02_ReadByte(unsigned char WordAddress)
  32          {
  33   1        unsigned char Data;
  34   1        // Dummy Write 虚拟写模式，指定要读取的字地址
  35   1        I2C_Start();
  36   1        I2C_SendByte(AT24C02_DEVICE);
  37   1        I2C_ReceiveAck();
  38   1        I2C_SendByte(WordAddress);
  39   1        I2C_ReceiveAck();
  40   1        
  41   1        I2C_Start();  // 直接从 start 命令开始
  42   1        I2C_SendByte(AT24C02_DEVICE|0x01); // 修改最后一位1，READ模式
  43   1        I2C_ReceiveAck();
  44   1        Data=I2C_ReceiveByte();
  45   1        I2C_SendAck(1);
  46   1        I2C_Stop();
  47   1        return Data;
  48   1      }


MODULE INFORMATION:   STATIC OVERLAYABLE
   CODE SIZE        =     84    ----
   CONSTANT SIZE    =   ----    ----
   XDATA SIZE       =   ----    ----
C51 COMPILER V9.54   AT24C02                                                               08/08/2022 21:29:02 PAGE 2   

   PDATA SIZE       =   ----    ----
   DATA SIZE        =   ----       5
   IDATA SIZE       =   ----    ----
   BIT SIZE         =   ----    ----
END OF MODULE INFORMATION.


C51 COMPILATION COMPLETE.  0 WARNING(S),  0 ERROR(S)
