C51 COMPILER V9.54   KEY                                                                   08/08/2022 21:20:42 PAGE 1   


C51 COMPILER V9.54, COMPILATION OF MODULE KEY
OBJECT MODULE PLACED IN .\Objects\Key.obj
COMPILER INVOKED BY: C:\Keil5\C51\BIN\C51.EXE Key.c OPTIMIZE(8,SPEED) BROWSE DEBUG OBJECTEXTEND PRINT(.\Listings\Key.lst
                    -) TABS(2) OBJECT(.\Objects\Key.obj)

line level    source

   1          #include <REGX52.H>
   2          #include <Delay.H>
   3          
   4          /**
   5            * @brief 返回独立键盘按键值，左，上，下，右分别返回1，2，3，4
   6            * @param 无
   7            * @retval 键位值
   8            */
   9          unsigned char Key()
  10          {
  11   1        if(P1_0==0)
  12   1        {
  13   2          Delay(20);
  14   2          while(P1_0==0);
  15   2          Delay(20);
  16   2          return 1;
  17   2        }
  18   1        
  19   1        if(P1_1==0)
  20   1        {
  21   2          Delay(20);
  22   2          while(P1_1==0);
  23   2          Delay(20);
  24   2          return 2;
  25   2        } 
  26   1        
  27   1        if(P1_2==0)
  28   1        {
  29   2          Delay(20);
  30   2          while(P1_2==0);
  31   2          Delay(20);
  32   2          return 3;
  33   2        } 
  34   1        
  35   1        if(P1_3==0)
  36   1        {
  37   2          Delay(20);
  38   2          while(P1_3==0);
  39   2          Delay(20);
  40   2          return 4;
  41   2        }
  42   1        
  43   1        return 0;
  44   1      }
  45          
  46          


MODULE INFORMATION:   STATIC OVERLAYABLE
   CODE SIZE        =     79    ----
   CONSTANT SIZE    =   ----    ----
   XDATA SIZE       =   ----    ----
   PDATA SIZE       =   ----    ----
   DATA SIZE        =   ----    ----
C51 COMPILER V9.54   KEY                                                                   08/08/2022 21:20:42 PAGE 2   

   IDATA SIZE       =   ----    ----
   BIT SIZE         =   ----    ----
END OF MODULE INFORMATION.


C51 COMPILATION COMPLETE.  0 WARNING(S),  0 ERROR(S)
