C51 COMPILER V9.54   AT24C02                                                               08/08/2022 01:33:59 PAGE 1   


C51 COMPILER V9.54, COMPILATION OF MODULE AT24C02
OBJECT MODULE PLACED IN .\Objects\AT24C02.obj
COMPILER INVOKED BY: C:\Keil5\C51\BIN\C51.EXE AT24C02.c OPTIMIZE(8,SPEED) BROWSE DEBUG OBJECTEXTEND PRINT(.\Listings\AT2
                    -4C02.lst) TABS(2) OBJECT(.\Objects\AT24C02.obj)

line level    source

   1          #include <REGX52.H>
   2          #include "I2C.h"
   3          
   4          #define AT24C02_ADDRESS   0xA2
   5          
   6          /**
   7            * @brief  AT24C02写入一个字节
   8            * @param  WordAddress 要写入字节的地址
   9            * @param  Data 要写入的数据
  10            * @retval 无
  11            */
  12          void AT24C02_WriteByte(unsigned char WordAddress,Data)
  13          {
  14   1        unsigned char Ack;
  15   1        I2C_Start();
  16   1        I2C_SendByte(AT24C02_ADDRESS);
  17   1        Ack=I2C_ReceiveAck();
  18   1        if(Ack==0) { P1=0x02; }
  19   1        else if(Ack==1) { P1=0x01; }
  20   1      //  I2C_SendByte(WordAddress);
  21   1      //  I2C_ReceiveAck();
  22   1      //  I2C_SendByte(Data);
  23   1      //  I2C_ReceiveAck();
  24   1      //  I2C_Stop();
  25   1      }
*** WARNING C280 IN LINE 12 OF AT24C02.c: 'WordAddress': unreferenced local variable
  26          
  27          /**
  28            * @brief  AT24C02读取一个字节
  29            * @param  WordAddress 要读出字节的地址
  30            * @retval 读出的数据
  31            */
  32          unsigned char AT24C02_ReadByte(unsigned char WordAddress)
  33          {
  34   1        unsigned char Data;
  35   1        I2C_Start();
  36   1        I2C_SendByte(AT24C02_ADDRESS);
  37   1        I2C_ReceiveAck();
  38   1        I2C_SendByte(WordAddress);
  39   1        I2C_ReceiveAck();
  40   1        I2C_Start();
  41   1        I2C_SendByte(AT24C02_ADDRESS|0x01);
  42   1        I2C_ReceiveAck();
  43   1        Data=I2C_ReceiveByte();
  44   1        I2C_SendAck(1);
  45   1        I2C_Stop();
  46   1        return Data;
  47   1      }


MODULE INFORMATION:   STATIC OVERLAYABLE
   CODE SIZE        =     79    ----
   CONSTANT SIZE    =   ----    ----
   XDATA SIZE       =   ----    ----
C51 COMPILER V9.54   AT24C02                                                               08/08/2022 01:33:59 PAGE 2   

   PDATA SIZE       =   ----    ----
   DATA SIZE        =   ----       5
   IDATA SIZE       =   ----    ----
   BIT SIZE         =   ----    ----
END OF MODULE INFORMATION.


C51 COMPILATION COMPLETE.  1 WARNING(S),  0 ERROR(S)
