C51 COMPILER V9.54   DS1302                                                                08/06/2022 23:27:41 PAGE 1   


C51 COMPILER V9.54, COMPILATION OF MODULE DS1302
OBJECT MODULE PLACED IN .\Objects\DS1302.obj
COMPILER INVOKED BY: C:\Keil5\C51\BIN\C51.EXE DS1302.c OPTIMIZE(8,SPEED) BROWSE DEBUG OBJECTEXTEND PRINT(.\Listings\DS13
                    -02.lst) TABS(2) OBJECT(.\Objects\DS1302.obj)

line level    source

   1          #include <REGX52.H>
   2          
   3          sbit DS1302_CLK =P3^6;  
   4          sbit DS1302_IO  =P2^1;
   5          sbit DS1302_CE  =P3^7;  // Chip Enable ç‰‡é€‰ä½ï¼Œç½®1åå¯å¯¹èŠ¯ç‰‡è¿›è¡Œè®¾ç½®
   6          
   7          #define DS1302_SEC  0x80
   8          #define DS1302_MIN  0x82
   9          #define DS1302_HOUR 0x84
  10          #define DS1302_DATE 0x86
  11          #define DS1302_MON  0x88
  12          #define DS1302_DAY  0x8A
  13          #define DS1302_YEAR 0x8C
  14          #define DS1302_WP   0x8E
  15          
  16          // æ—¶é—´æ•°ç»„ï¼Œå’ŒèŠ¯ç‰‡ä¸­çš„æ—¶é—´å¯„å­˜å™¨ç›¸å¯¹åº”ï¼Œåˆ†åˆ«ä¸º
  17          // å¹´ï¼Œæœˆï¼Œæ—¥ï¼Œæ—¶ï¼Œåˆ†ï¼Œç§’ï¼Œæ¯å‘¨ç¬¬nå¤©
  18          unsigned char DS1302_Time[]={22, 8, 6, 23, 59, 55, 6};
  19          
  20          /**
  21            * @brief åˆå§‹åŒ– DS1302ï¼Œç‰‡é€‰ç½®0ï¼Œæ—¶é’Ÿæ‹‰ä½
  22            * @param æ— 
  23            * @retval æ— 
  24            */
  25          void DS1302_Init()
  26          {
  27   1        DS1302_CE =0;
  28   1        DS1302_CLK=0;
  29   1      }
  30          
  31          /**
  32            * @brief è¯»å–DS1302æ•°æ®ï¼Œä¼ å…¥å‘½ä»¤åœ°å€ï¼Œè¿”å› RTC èŠ¯ç‰‡è¿”å›å¯¹åº”çš„8ä½ç»“æœ
  33            * @param DS1302_xxx å‘½ä»¤å­—/åœ°å€
  34            * @retval 8ä½ç»“æœ
  35            */
  36          unsigned char DS1302_ReadByte(unsigned char Command)
  37          {
  38   1        unsigned char i,Data=0x00;
  39   1        
  40   1        Command|=0x01;  // ä½¿ç”¨ç»Ÿä¸€çš„ DS1302_xxx ä½œä¸ºå‘½ä»¤å­—/åœ°å€ï¼Œå†™åœ°å€æœ€åä¸€ä½æˆ– 1 å¯ä»¥å¾
             -—åˆ°è¯»åœ°å€
  41   1        
  42   1        DS1302_CE=1;
  43   1        
  44   1        // æŒ‡å®šè¯»åœ°å€ï¼Œè¿™é‡Œçš„æ—¶é’Ÿä¿¡å·è®¾å®šè¿˜æ˜¯å¾ˆå·§å¦™çš„
  45   1        for(i=0;i<8;i++)
  46   1        {
  47   2          DS1302_IO=Command&(0x01<<i);
  48   2          DS1302_CLK=0;
  49   2          DS1302_CLK=1;
  50   2        }
  51   1        
  52   1        // è¯»å–å¯„å­˜å™¨æ•°æ®
  53   1        for(i=0;i<8;i++)
C51 COMPILER V9.54   DS1302                                                                08/06/2022 23:27:41 PAGE 2   

  54   1        {
  55   2          DS1302_CLK=1;
  56   2          DS1302_CLK=0;
  57   2          if(DS1302_IO)
  58   2          {
  59   3            Data|=(0x01<<i);
  60   3          }
  61   2        }
  62   1        
  63   1        // å…³é—­ç‰‡é€‰
  64   1        DS1302_CE=0;
  65   1        // DS1302_IO=0; // è§†é¢‘æ•™ç¨‹ä¸­è¯»å–å®ŒåIOç½®0ï¼Œä¸ç„¶æ•°æ®ä¼šå‡ºé—®é¢˜ï¼Œæˆ‘æœ¬åœ°å€’æ²¡è¿™ç§æƒ
             -…å†µ
  66   1        return Data;
  67   1      }
  68          
  69          /**
  70            * @brief å†™å…¥DS1302æ•°æ®
  71            * @param DS1302_xxx å‘½ä»¤å­—/åœ°å€
  72            * @retval æ— 
  73            */
  74          void DS1302_WriteByte(unsigned char Command, Data)
  75          {
  76   1        unsigned char i;
  77   1        
  78   1        DS1302_CE=1;
  79   1        for(i=0;i<8;i++)
  80   1        {
  81   2          DS1302_IO=Command&(0x01<<i);
  82   2          DS1302_CLK=1;
  83   2          DS1302_CLK=0;
  84   2        }
  85   1        
  86   1        for(i=0;i<8;i++)
  87   1        {
  88   2          DS1302_IO=Data&(0x01<<i);
  89   2          DS1302_CLK=1;
  90   2          DS1302_CLK=0;
  91   2        }
  92   1        
  93   1        DS1302_CE=0;
  94   1      }
  95          
  96          /*** 
  97          * 
  98            * @brief å°†æ—¶é—´æ•°ç»„ä¸­è®¾å®šçš„æ—¶é—´å­˜å…¥ DS1302 ä¸­ã€‚
  99            *         æ—¶é—´è½¬åŒ–ç®—æ³• BCD=DEC/10*16 + DEC%16
 100            * @param æ— 
 101            * @retval æ— 
 102            */
 103          void DS1302_SetTime()
 104          {
 105   1        DS1302_WriteByte(DS1302_WP, 0x00);  // è§£é™¤å†™ä¿æŠ¤çŠ¶æ€
 106   1        DS1302_WriteByte(DS1302_YEAR, DS1302_Time[0]/10*16+DS1302_Time[0]%10);
 107   1        DS1302_WriteByte(DS1302_MON,  DS1302_Time[1]/10*16+DS1302_Time[1]%10);
 108   1        DS1302_WriteByte(DS1302_DATE, DS1302_Time[2]/10*16+DS1302_Time[2]%10);
 109   1        DS1302_WriteByte(DS1302_HOUR, DS1302_Time[3]/10*16+DS1302_Time[3]%10);
 110   1        DS1302_WriteByte(DS1302_MIN,  DS1302_Time[4]/10*16+DS1302_Time[4]%10);
 111   1        DS1302_WriteByte(DS1302_SEC,  DS1302_Time[5]/10*16+DS1302_Time[5]%10);
 112   1        DS1302_WriteByte(DS1302_DAY,  DS1302_Time[6]/10*16+DS1302_Time[6]%10);
 113   1        DS1302_WriteByte(DS1302_WP, 0x80);  // æ¢å¤å†™ä¿æŠ¤çŠ¶æ€
 114   1      }
C51 COMPILER V9.54   DS1302                                                                08/06/2022 23:27:41 PAGE 3   

 115          
 116          /**
 117            * @brief å°†DS1302çš„æ—¶é—´æ˜¾ç¤ºåœ¨ LCD ä¸Š
 118            *         æ—¶é—´è½¬åŒ–ç®—æ³• DEC=BCD/16*10 + BCD%16;
 119            * @param æ— 
 120            * @retval æ— 
 121            */
 122          void DS1302_GetTime()
 123          {
 124   1        unsigned char Temp;
 125   1        Temp=DS1302_ReadByte(DS1302_YEAR);
 126   1        DS1302_Time[0]=Temp/16*10+Temp%16;
 127   1        Temp=DS1302_ReadByte(DS1302_MON);
 128   1        DS1302_Time[1]=Temp/16*10+Temp%16;
 129   1        Temp=DS1302_ReadByte(DS1302_DATE);
 130   1        DS1302_Time[2]=Temp/16*10+Temp%16;
 131   1        Temp=DS1302_ReadByte(DS1302_HOUR);
 132   1        DS1302_Time[3]=Temp/16*10+Temp%16;
 133   1        Temp=DS1302_ReadByte(DS1302_MIN);
 134   1        DS1302_Time[4]=Temp/16*10+Temp%16;
 135   1        Temp=DS1302_ReadByte(DS1302_SEC);
 136   1        DS1302_Time[5]=Temp/16*10+Temp%16;
 137   1        Temp=DS1302_ReadByte(DS1302_DAY);
 138   1        DS1302_Time[6]=Temp/16*10+Temp%16;
 139   1      }


MODULE INFORMATION:   STATIC OVERLAYABLE
   CODE SIZE        =    549    ----
   CONSTANT SIZE    =   ----    ----
   XDATA SIZE       =   ----    ----
   PDATA SIZE       =   ----    ----
   DATA SIZE        =      7       2
   IDATA SIZE       =   ----    ----
   BIT SIZE         =   ----    ----
END OF MODULE INFORMATION.


C51 COMPILATION COMPLETE.  0 WARNING(S),  0 ERROR(S)
