C51 COMPILER V9.54   KEY                                                                   08/07/2022 00:47:52 PAGE 1   


C51 COMPILER V9.54, COMPILATION OF MODULE KEY
OBJECT MODULE PLACED IN .\Objects\Key.obj
COMPILER INVOKED BY: C:\Keil5\C51\BIN\C51.EXE Key.c OPTIMIZE(8,SPEED) BROWSE DEBUG OBJECTEXTEND PRINT(.\Listings\Key.lst
                    -) TABS(2) OBJECT(.\Objects\Key.obj)

line level    source

   1          #include <REGX52.H>
   2          
   3          /**
   4            * @brief 延时 n ms
   5            * @param n 秒延时
   6            * @retval 无
   7            */
   8          void Delay(unsigned char nms)   //@12.000MHz
   9          {
  10   1        unsigned char i, j;
  11   1        while(nms--)
  12   1        {
  13   2          i = 2;
  14   2          j = 239;
  15   2          do
  16   2          {
  17   3            while (--j);
  18   3          } while (--i);
  19   2        }
  20   1      }
  21          
  22          /**
  23            * @brief 返回独立键盘按键值，左，上，下，右分别返回1，2，3，4
  24            * @param 无
  25            * @retval 键位值
  26            */
  27          unsigned char Key()
  28          {
  29   1        if(P1_0==0)
  30   1        {
  31   2          Delay(20);
  32   2          while(P1_0==0);
  33   2          Delay(20);
  34   2          return 1;
  35   2        } else if(P1_1==0)
  36   1        {
  37   2          Delay(20);
  38   2          while(P1_1==0);
  39   2          Delay(20);
  40   2          return 2;
  41   2        } else if(P1_2==0)
  42   1        {
  43   2          Delay(20);
  44   2          while(P1_2==0);
  45   2          Delay(20);
  46   2          return 3;
  47   2        } else if(P1_3==0)
  48   1        {
  49   2          Delay(20);
  50   2          while(P1_3==0);
  51   2          Delay(20);
  52   2          return 4;
  53   2        }
  54   1        
C51 COMPILER V9.54   KEY                                                                   08/07/2022 00:47:52 PAGE 2   

  55   1        return 0;
  56   1      }
  57          
  58          


MODULE INFORMATION:   STATIC OVERLAYABLE
   CODE SIZE        =     96    ----
   CONSTANT SIZE    =   ----    ----
   XDATA SIZE       =   ----    ----
   PDATA SIZE       =   ----    ----
   DATA SIZE        =   ----    ----
   IDATA SIZE       =   ----    ----
   BIT SIZE         =   ----    ----
END OF MODULE INFORMATION.


C51 COMPILATION COMPLETE.  0 WARNING(S),  0 ERROR(S)
