C51 COMPILER V9.54   MAIN                                                                  08/07/2022 16:15:37 PAGE 1   


C51 COMPILER V9.54, COMPILATION OF MODULE MAIN
OBJECT MODULE PLACED IN .\Objects\main.obj
COMPILER INVOKED BY: C:\Keil5\C51\BIN\C51.EXE main.c OPTIMIZE(8,SPEED) BROWSE DEBUG OBJECTEXTEND PRINT(.\Listings\main.l
                    -st) TABS(2) OBJECT(.\Objects\main.obj)

line level    source

   1          #include <REGX52.H>
   2          #include "LCD1602.h"
   3          #include "DS1302.h"
   4          #include "Key.h"
   5          #include "Timer0.h"
   6          
   7          // MODE=0,时间显示模式；MODE=1，时间设置模式
   8          // 当前选中的修改位置
   9          unsigned char KeyNum,MODE,TimeSelect,TimeSelectFlash; 
  10          
  11          void ShowTimeMode()
  12          {
  13   1        DS1302_GetTime(); // 将DS1302中存储的时间存入数组
  14   1      
  15   1        LCD_ShowNum(1,1,DS1302_Time[0],2); // 显示年
  16   1        LCD_ShowNum(1,4,DS1302_Time[1],2); // 显示月
  17   1        LCD_ShowNum(1,7,DS1302_Time[2],2); // 显示日
  18   1        LCD_ShowNum(2,1,DS1302_Time[3],2); // 显示时
  19   1        LCD_ShowNum(2,4,DS1302_Time[4],2); // 显示分
  20   1        LCD_ShowNum(2,7,DS1302_Time[5],2); // 显示秒
  21   1      }
  22          
  23          void SetTimeMode()
  24          {
  25   1        // 如果按下2，改变当前选中的改变位置
  26   1        if(KeyNum==2)
  27   1        {
  28   2          TimeSelect++;
  29   2          TimeSelect%=6;
  30   2        }
  31   1        
  32   1        // 如果按下3，选中位置数值+1
  33   1        if(KeyNum==3)
  34   1        {
  35   2          DS1302_Time[TimeSelect]++;
  36   2      
  37   2          if(DS1302_Time[0]>99){DS1302_Time[0]=0;}
  38   2          if(DS1302_Time[1]>12){DS1302_Time[1]=1;}
  39   2          // 日复位，如果是大月，超过31复位
  40   2          if(DS1302_Time[1]==1 || DS1302_Time[1]==3 || DS1302_Time[1]==5 || DS1302_Time[1]==7 || 
  41   2            DS1302_Time[1]==8 || DS1302_Time[1]==10 || DS1302_Time[1]==12)
  42   2          {
  43   3            if(DS1302_Time[2]>31){DS1302_Time[2]=1;}
  44   3          } else if(DS1302_Time[1]==4 || DS1302_Time[1]==6 || DS1302_Time[1]==9 || DS1302_Time[1]==11) { // 如果
             -是小月，超过30复位
  45   3            if(DS1302_Time[2]>30){DS1302_Time[2]=1;}
  46   3          } else {  // 如果是二月，再深入判断
  47   3            if(DS1302_Time[0]%4==0) // 如果是闰年，超过29归0
  48   3            {
  49   4              if(DS1302_Time[2]>29){DS1302_Time[2]=1;}
  50   4            } else {  // 否则，超过28归0
  51   4              if(DS1302_Time[2]>28){DS1302_Time[2]=1;}
  52   4            }
  53   3          }
C51 COMPILER V9.54   MAIN                                                                  08/07/2022 16:15:37 PAGE 2   

  54   2          if(DS1302_Time[3]>23){DS1302_Time[3]=0;}
  55   2          if(DS1302_Time[4]>59){DS1302_Time[4]=0;}
  56   2          if(DS1302_Time[5]>59){DS1302_Time[5]=0;}
  57   2        }
  58   1        
  59   1        // 如果按下4，选中位置数值-1
  60   1        if(KeyNum==4)
  61   1        {
  62   2          DS1302_Time[TimeSelect]--;
  63   2      
  64   2          if(DS1302_Time[0]<0){DS1302_Time[0]=99;}
  65   2          if(DS1302_Time[1]<1){DS1302_Time[1]=12;}
  66   2          // 日复位，如果是大月，超过31复位
  67   2          if(DS1302_Time[1]==1 || DS1302_Time[1]==3 || DS1302_Time[1]==5 || DS1302_Time[1]==7 || 
  68   2            DS1302_Time[1]==8 || DS1302_Time[1]==10 || DS1302_Time[1]==12)
  69   2          {
  70   3            if(DS1302_Time[2]<1){DS1302_Time[2]=31;}
  71   3            if(DS1302_Time[2]>31){DS1302_Time[2]=1;}
  72   3          } else if(DS1302_Time[1]==4 || DS1302_Time[1]==6 || DS1302_Time[1]==9 || DS1302_Time[1]==11) { // 如果
             -是小月，超过30复位
  73   3            if(DS1302_Time[2]<1){DS1302_Time[2]=30;}
  74   3            if(DS1302_Time[2]>30){DS1302_Time[2]=1;}
  75   3          } else {  // 如果是二月，再深入判断
  76   3            if(DS1302_Time[0]%4==0) // 如果是闰年，超过29归0
  77   3            {
  78   4              if(DS1302_Time[2]<1){DS1302_Time[2]=29;}
  79   4              if(DS1302_Time[2]>29){DS1302_Time[2]=1;}
  80   4            } else {  // 否则，超过28归0
  81   4              if(DS1302_Time[2]<1){DS1302_Time[2]=28;}
  82   4              if(DS1302_Time[2]>28){DS1302_Time[2]=1;}
  83   4            }
  84   3          }
  85   2          if(DS1302_Time[3]<0){DS1302_Time[3]=23;}
  86   2          if(DS1302_Time[4]<0){DS1302_Time[4]=59;}
  87   2          if(DS1302_Time[5]<0){DS1302_Time[5]=59;}
  88   2        }
  89   1        
  90   1        if(TimeSelect==0 && TimeSelectFlash){ LCD_ShowString(1,1,"  "); }
  91   1        else { LCD_ShowNum(1,1,DS1302_Time[0],2); } // 显示年
  92   1        
  93   1        if(TimeSelect==1 && TimeSelectFlash){ LCD_ShowString(1,4,"  "); }
  94   1        else { LCD_ShowNum(1,4,DS1302_Time[1],2); } // 显示月
  95   1      
  96   1        if(TimeSelect==2 && TimeSelectFlash){ LCD_ShowString(1,7,"  "); }
  97   1        else { LCD_ShowNum(1,7,DS1302_Time[2],2); } // 显示日
  98   1      
  99   1        if(TimeSelect==3 && TimeSelectFlash){ LCD_ShowString(2,1,"  "); }
 100   1        else { LCD_ShowNum(2,1,DS1302_Time[3],2); } // 显示时
 101   1      
 102   1        if(TimeSelect==4 && TimeSelectFlash){ LCD_ShowString(2,4,"  "); }
 103   1        else { LCD_ShowNum(2,4,DS1302_Time[4],2); } // 显示分
 104   1      
 105   1        if(TimeSelect==5 && TimeSelectFlash){ LCD_ShowString(2,7,"  "); }
 106   1        else { LCD_ShowNum(2,7,DS1302_Time[5],2); } // 显示秒
 107   1        
 108   1        LCD_ShowNum(2,10,TimeSelect,2);
 109   1        LCD_ShowNum(2,13,TimeSelectFlash,2);
 110   1      }
 111          
 112          void main()
 113          {
 114   1        LCD_Init();
C51 COMPILER V9.54   MAIN                                                                  08/07/2022 16:15:37 PAGE 3   

 115   1        Timer0Init();
 116   1        DS1302_Init();
 117   1        
 118   1        DS1302_SetTime(); // 设置初始时间
 119   1        LCD_ShowString(1,1,"  -  -");// 设置时间之间的横线
 120   1        LCD_ShowString(2,1,"  :  x");
 121   1        
 122   1        while(1)
 123   1        {
 124   2          KeyNum=Key();
 125   2          if(KeyNum==1) // 按键1按下，改变模式
 126   2          {
 127   3            if(MODE==0){ MODE=1; TimeSelect=0;} // 重置时间选择位
 128   3            else if(MODE==1){ MODE=0; DS1302_SetTime(); } // 保存时间
 129   3          }
 130   2          
 131   2          // 更加 MODE 值进入显示/设置时间界面
 132   2          switch(MODE)
 133   2          {
 134   3            case 0: ShowTimeMode(); break;
 135   3            case 1: SetTimeMode(); break;
 136   3          }
 137   2        }
 138   1      }
 139          
 140          /**
 141            * @brief 设置时间时，每0.5s选中位闪烁 flag
 142            * @param 无
 143            * @retval 无
 144            */
 145          void Timer0_Rountine() interrupt 1
 146          {
 147   1        // 中断计数器
 148   1        static unsigned int T0Count;
 149   1        TL0 = 0x18;   //设置定时初值
 150   1        TH0 = 0xFC;   //设置定时初值
 151   1        T0Count++;
 152   1        if(T0Count>=500)
 153   1        {
 154   2          // 重置计数器
 155   2          T0Count=0;
 156   2          TimeSelectFlash=!TimeSelectFlash;
 157   2        }
 158   1      }


MODULE INFORMATION:   STATIC OVERLAYABLE
   CODE SIZE        =    983    ----
   CONSTANT SIZE    =     17    ----
   XDATA SIZE       =   ----    ----
   PDATA SIZE       =   ----    ----
   DATA SIZE        =      6    ----
   IDATA SIZE       =   ----    ----
   BIT SIZE         =   ----    ----
END OF MODULE INFORMATION.


C51 COMPILATION COMPLETE.  0 WARNING(S),  0 ERROR(S)
