C51 COMPILER V9.01   MAIN                                                                  07/31/2019 21:00:14 PAGE 1   


C51 COMPILER V9.01, COMPILATION OF MODULE MAIN
OBJECT MODULE PLACED IN main.OBJ
COMPILER INVOKED BY: C:\Keil\C51\BIN\C51.EXE main.c BROWSE DEBUG OBJECTEXTEND

line level    source

   1          #include <reg52.h>
   2          #include <intrins.h>
   3          
   4          #define DATA P0
   5          
   6          sbit LCD_RS = P2^7;
   7          sbit LCD_RW = P2^6;
   8          sbit LCD_EN = P2^5;
   9          sbit LCD12864_PSB = P2^4;
  10          
  11          
  12          void Delay(unsigned short int dly){
  13   1              while(dly--);
  14   1      }
  15          
  16          bit readBusyFlag(void){
  17   1              unsigned char dat;
  18   1              LCD_EN = 0;
  19   1              LCD_RS = 0;
  20   1              LCD_RW = 1;
  21   1      
  22   1      
  23   1              LCD_EN = 1;
  24   1              dat = DATA;
  25   1              LCD_EN = 0;
  26   1              return dat&0x80;
  27   1      }
  28          
  29          void writeCommand(unsigned char cmd){
  30   1              //while(readBusyFlag());
  31   1              Delay(100);
  32   1              LCD_RS = 0;
  33   1              LCD_RW = 0;
  34   1              LCD_EN = 1;
  35   1              DATA = cmd;
  36   1              _nop_();
  37   1              LCD_EN = 0;
  38   1      }
  39          
  40          void writeData(unsigned char dat){
  41   1              //while(readBusyFlag());
  42   1              Delay(100);
  43   1              Delay(100);
  44   1              LCD_RS = 1;
  45   1              LCD_RW = 0;
  46   1              LCD_EN = 1;
  47   1              DATA = dat;
  48   1              _nop_();
  49   1              LCD_EN = 0;
  50   1      }
  51          
  52          
  53          void init(void){
  54   1       
  55   1      
C51 COMPILER V9.01   MAIN                                                                  07/31/2019 21:00:14 PAGE 2   

  56   1              LCD12864_PSB = 1;
  57   1              writeCommand(0x30);
  58   1              writeCommand(0x0c);
  59   1              writeCommand(0x01);
  60   1              writeCommand(0x06);
  61   1      }
  62          
  63          void main(void){
  64   1              unsigned char *str = "aÄã";
  65   1              init();
  66   1              while(*str != '\0'){
  67   2                      writeData(*str);
  68   2                      str++;
  69   2              }
  70   1              while(1);
  71   1      }


MODULE INFORMATION:   STATIC OVERLAYABLE
   CODE SIZE        =    116    ----
   CONSTANT SIZE    =      4    ----
   XDATA SIZE       =   ----    ----
   PDATA SIZE       =   ----    ----
   DATA SIZE        =   ----    ----
   IDATA SIZE       =   ----    ----
   BIT SIZE         =   ----    ----
END OF MODULE INFORMATION.


C51 COMPILATION COMPLETE.  0 WARNING(S),  0 ERROR(S)
