C51 COMPILER V9.01   MAIN                                                                  07/29/2019 23:45:31 PAGE 1   


C51 COMPILER V9.01, COMPILATION OF MODULE MAIN
OBJECT MODULE PLACED IN main.OBJ
COMPILER INVOKED BY: C:\Keil\C51\BIN\C51.EXE main.c BROWSE DEBUG OBJECTEXTEND

line level    source

   1          #include <reg52.h>
   2          
   3          /*
   4          how to write a driver
   5          1. init config
   6          2. module read
   7          3. module write
   8          */
   9          
  10          sbit RS = P2^7;
  11          sbit RW = P2^6;
  12          sbit E = P2^5;
  13          
  14          unsigned char busyCheck(void){
  15   1              P0 = 0xff;
  16   1              RS = 0;
  17   1              RW = 1;
  18   1              E = 0;
  19   1              E = 1;
  20   1              return (P0&0x80);
  21   1      }
  22          
  23          // RS = 0, write to command register
  24          void writeInstructionCode(unsigned char cmd){
  25   1              while(busyCheck());
  26   1              RS = 0; // write command
  27   1              RW = 0; // do write
  28   1              E = 1;
  29   1              P0 = cmd;
  30   1              E = 0;
  31   1      }
  32          
  33          // RS = 1, write to data register
  34          void writeDataCode(unsigned char dat){
  35   1              while(busyCheck());
  36   1              RS = 1; // write data
  37   1              RW = 0; // do write
  38   1              E = 1;
  39   1              P0 = dat;
  40   1              E = 0;
  41   1      }
  42          
  43          void init(void){
  44   1               writeInstructionCode(0x38); // data transfer 8 bit, 2 lines show out
  45   1               writeInstructionCode(0x08); // turn off display
  46   1               writeInstructionCode(0x01); // clear display
  47   1               writeInstructionCode(0x06); // assign cursor moving direction, enable shift display
  48   1               writeInstructionCode(0x0f); // turn on screen, cursor and blink
  49   1      }
  50          
  51          
  52          void main(void){
  53   1              unsigned char *str = "Hello World";
  54   1              init();
  55   1      
C51 COMPILER V9.01   MAIN                                                                  07/29/2019 23:45:31 PAGE 2   

  56   1              writeInstructionCode(0x83); // set the start position, start from line 1, position 4.
  57   1              while(*str != '\0'){
  58   2                      writeDataCode(*str);
  59   2                      str++;
  60   2              }
  61   1              while(1);
  62   1      
  63   1      }


MODULE INFORMATION:   STATIC OVERLAYABLE
   CODE SIZE        =    114    ----
   CONSTANT SIZE    =     12    ----
   XDATA SIZE       =   ----    ----
   PDATA SIZE       =   ----    ----
   DATA SIZE        =   ----    ----
   IDATA SIZE       =   ----    ----
   BIT SIZE         =   ----    ----
END OF MODULE INFORMATION.


C51 COMPILATION COMPLETE.  0 WARNING(S),  0 ERROR(S)
