C51 COMPILER V9.54   MAIN                                                                  07/31/2022 18:29:35 PAGE 1   


C51 COMPILER V9.54, COMPILATION OF MODULE MAIN
OBJECT MODULE PLACED IN .\Objects\main.obj
COMPILER INVOKED BY: C:\Keil5\C51\BIN\C51.EXE main.c OPTIMIZE(8,SPEED) BROWSE DEBUG OBJECTEXTEND PRINT(.\Listings\main.l
                    -st) TABS(2) OBJECT(.\Objects\main.obj)

line level    source

   1          #include <REGX52.H>
   2          #include <INTRINS.H>
   3          
   4          void Delay1ms()   //@11.0592MHz
   5          {
   6   1        unsigned char i, j;
   7   1      
   8   1        _nop_();
   9   1        i = 2;
  10   1        j = 199;
  11   1        do
  12   1        {
  13   2          while (--j);
  14   2        } while (--i);
  15   1      }
  16          
  17          void Delaynms(unsigned int nms)
  18          {
  19   1        while(nms)
  20   1        {
  21   2          Delay1ms();
  22   2          nms--;
  23   2        }
  24   1      }
  25          
  26          void main()
  27          {
  28   1        P1=0xFE; //1111 1110
  29   1        Delaynms(500);
  30   1        P1=0xFD; //1111 1101
  31   1        Delaynms(500);
  32   1        P1=0xFB; //1111 1011
  33   1        Delaynms(500);
  34   1        P1=0xF7; //1111 0111
  35   1        Delaynms(500);
  36   1        P1=0xEF; //1110 1111
  37   1        Delaynms(500);
  38   1        P1=0xDF; //1101 1111
  39   1        Delaynms(500);
  40   1        P1=0xBF; //1011 1111
  41   1        Delaynms(500);
  42   1        P1=0x7F; //0111 1111
  43   1        Delaynms(500);
  44   1      }


MODULE INFORMATION:   STATIC OVERLAYABLE
   CODE SIZE        =     85    ----
   CONSTANT SIZE    =   ----    ----
   XDATA SIZE       =   ----    ----
   PDATA SIZE       =   ----    ----
   DATA SIZE        =   ----    ----
   IDATA SIZE       =   ----    ----
   BIT SIZE         =   ----    ----
C51 COMPILER V9.54   MAIN                                                                  07/31/2022 18:29:35 PAGE 2   

END OF MODULE INFORMATION.


C51 COMPILATION COMPLETE.  0 WARNING(S),  0 ERROR(S)
