C51 COMPILER V9.01   RELAY                                                                 07/24/2019 01:25:02 PAGE 1   


C51 COMPILER V9.01, COMPILATION OF MODULE RELAY
OBJECT MODULE PLACED IN relay.OBJ
COMPILER INVOKED BY: C:\Keil\C51\BIN\C51.EXE relay.c BROWSE DEBUG OBJECTEXTEND

line level    source

   1          #include <reg52.h>
   2          sbit relay=P3^3;
   3          
   4          void delay(){
   5   1              unsigned int i, j;
   6   1              for(i=10;i<100;i++){
   7   2                      for(j=0;j<100;j++){}
   8   2              }
   9   1      }
  10          
  11          void main(void){
  12   1              while(1){
  13   2                      relay = 1;
  14   2                      delay();
  15   2                      relay = 0;
  16   2                      delay();
  17   2              }
  18   1      }


MODULE INFORMATION:   STATIC OVERLAYABLE
   CODE SIZE        =     42    ----
   CONSTANT SIZE    =   ----    ----
   XDATA SIZE       =   ----    ----
   PDATA SIZE       =   ----    ----
   DATA SIZE        =   ----    ----
   IDATA SIZE       =   ----    ----
   BIT SIZE         =   ----    ----
END OF MODULE INFORMATION.


C51 COMPILATION COMPLETE.  0 WARNING(S),  0 ERROR(S)
