C51 COMPILER V9.01   DIG                                                                   07/27/2019 15:22:05 PAGE 1   


C51 COMPILER V9.01, COMPILATION OF MODULE DIG
OBJECT MODULE PLACED IN dig.OBJ
COMPILER INVOKED BY: C:\Keil\C51\BIN\C51.EXE dig.c BROWSE DEBUG OBJECTEXTEND

line level    source

   1          #include "intrins.h"
   2          #include "dig.h"
   3          
   4          // the common port of pipes is Vcc
   5          unsigned char pos[] = {0x01, 0x02, 0x04, 0x08, 0x10, 0x20, 0x40, 0x80};
   6          unsigned char num[] = {0xc0, 0xf9, 0xa4, 0xb0, 0x99, 0x92, 0x82, 0xf8, 0x80, 0x98, 0xc0};
   7          
   8          void showNumber(unsigned char num, unsigned char pos){
   9   1              unsigned short i;
  10   1              shcp=0;
  11   1              stcp=0;
  12   1              for(i=0;i<8;i++){
  13   2                      dig_data = num&0x80;
  14   2                      _nop_();
  15   2                      shcp = 1;
  16   2                      _nop_();
  17   2                      shcp = 0;
  18   2                      num <<= 1;
  19   2              }
  20   1      
  21   1              for(i=0;i<8;i++){
  22   2                      dig_data = pos&0x80;
  23   2                      _nop_();
  24   2                      shcp = 1;
  25   2                      _nop_();
  26   2                      shcp = 0;
  27   2                      pos <<= 1;
  28   2              }
  29   1              stcp = 1;
  30   1              _nop_();
  31   1      }


MODULE INFORMATION:   STATIC OVERLAYABLE
   CODE SIZE        =     64    ----
   CONSTANT SIZE    =   ----    ----
   XDATA SIZE       =   ----    ----
   PDATA SIZE       =   ----    ----
   DATA SIZE        =     19    ----
   IDATA SIZE       =   ----    ----
   BIT SIZE         =   ----    ----
END OF MODULE INFORMATION.


C51 COMPILATION COMPLETE.  0 WARNING(S),  0 ERROR(S)
