C51 COMPILER V9.01   DIGITRON_DRV                                                          04/27/2013 15:21:21 PAGE 1   


C51 COMPILER V9.01, COMPILATION OF MODULE DIGITRON_DRV
OBJECT MODULE PLACED IN digitron_drv.OBJ
COMPILER INVOKED BY: C:\Exploit Files\Keil_51\C51\BIN\C51.EXE digitron_drv.c BROWSE DEBUG OBJECTEXTEND

line level    source

   1          /*=======================================================
   2          <<<<<<<<<<<<<<<<<<< 爱普雷德技术团队 >>>>>>>>>>>>>>>>>>>>
   3          <<<<<<<<<<<<<<<<<<< 我们一起追求卓越 >>>>>>>>>>>>>>>>>>>>
   4          ---------------------------------------------------------
   5          旗舰网店: http://aplid.taobao.com/
   6          官方邮箱: njaplid@163.com
   7           技术QQ1: 535676091
   8           技术QQ2: 1915624375
   9           技术QQ3: 154211813
  10          ---------------------------------------------------------
  11                         All right reserved.2013.01
  12          ---------------------------------------------------------
  13           文件名: digitron_drv.c
  14           描述: 数码管模块驱动c文件
  15           作者:
  16          =========================================================
  17          ----------------------------------------------------------------------------------------------------------
             --*/
  18          #include "digitron_drv.h"
  19          
  20          code uint8 Segment[] = {0xc0,0xf9,0xa4,0xb0,0x99,0x92,0x82,0xf8,0x80,0x90};
  21          code uint8 Select[] = {0xff,0x01,0x02,0x04,0x08,0x10,0x20,0x40,0x80};
  22          
  23          /**********************************************
  24          功能：
  25              输出位选字节和段码字节
  26          输入参数：
  27              SelectByte:  位选字节
  28              SegmentByte: 段码字节
  29          输出参数：
  30              无
  31          返回值：
  32          **********************************************/
  33          static void DigOutput(uint8 SelectByte, uint8 SegmentByte)
  34          {
  35   1          uint8 i;
  36   1          
  37   1              DIG_SHCP = 0;
  38   1              DIG_STCP = 0;
  39   1      
  40   1              for(i=0; i<8; i++)
  41   1              {
  42   2                  if(SegmentByte&0x80)
  43   2              {
  44   3                      DIG_DATA = 1;
  45   3              }
  46   2                      else
  47   2              {
  48   3                          DIG_DATA = 0;
  49   3              }
  50   2                      _nop_();
  51   2                      DIG_SHCP = 1;
  52   2                      _nop_();
  53   2                      DIG_SHCP = 0;
  54   2                      _nop_();
C51 COMPILER V9.01   DIGITRON_DRV                                                          04/27/2013 15:21:21 PAGE 2   

  55   2                      SegmentByte <<= 1;
  56   2              }
  57   1              for(i=0; i<8; i++)
  58   1              {
  59   2                  if(SelectByte&0x80)
  60   2                      DIG_DATA = 1;
  61   2                      else
  62   2                          DIG_DATA = 0;
  63   2                      _nop_();
  64   2                      DIG_SHCP = 1;
  65   2                      _nop_();
  66   2                      DIG_SHCP = 0;
  67   2                      _nop_();
  68   2                      SelectByte <<= 1;
  69   2              }
  70   1              DIG_STCP = 1;
  71   1              _nop_();
  72   1              DIG_STCP = 0;
  73   1              _nop_();
  74   1      }
  75          
  76          /**********************************************
  77          功能：
  78              在某位显示自定义段码
  79          输入参数：
  80              DigSelect: 数码管位选择（1――8，即最右到最左）
  81              CustomSeg: 自定义段码值
  82          输出参数：
  83              无
  84          返回值：
  85          **********************************************/
  86          void DigShowCustom(uint8 DigSelect, uint8 CustomSeg)
  87          {
  88   1          if(0<DigSelect<9)
  89   1          {
  90   2              DigOutput(Select[DigSelect],CustomSeg);
  91   2          }
  92   1      }
  93          
  94          /**********************************************
  95          功能：
  96              在某位显示数字
  97          输入参数：
  98              DigSelect: 数码管位选择（1――8，即最右到最左）
  99              Number:    数字（0――9）
 100              Dp:        小数点（1:显示；0:不显示）
 101          输出参数：
 102              无
 103          返回值：
 104          **********************************************/
 105          void DigShowNumber(uint8 DigSelect, uint8 Number, bit Dp)
 106          {
 107   1          if((0<DigSelect<9)&&(Number<10))
 108   1          {
 109   2              if(Dp)
 110   2              {
 111   3                  DigOutput(Select[DigSelect],(Segment[Number]&~0x80));
 112   3              }
 113   2              else
 114   2              {
 115   3                  DigOutput(Select[DigSelect],(Segment[Number]|0x80));
 116   3              }
C51 COMPILER V9.01   DIGITRON_DRV                                                          04/27/2013 15:21:21 PAGE 3   

 117   2          }
 118   1      }
 119          
 120          
 121          /**********************************************
 122          功能：
 123              初始化数码管，使数码管全灭
 124          输入参数：
 125              无
 126          输出参数：
 127              无
 128          返回值：
 129          **********************************************/
 130          void DigInit(void)
 131          {
 132   1          DIG_DATA = 0;
 133   1              DIG_SHCP = 0;
 134   1              DIG_STCP = 0;
 135   1          DigOutput(0x00,0xff);
 136   1      }


MODULE INFORMATION:   STATIC OVERLAYABLE
   CODE SIZE        =    161    ----
   CONSTANT SIZE    =     19    ----
   XDATA SIZE       =   ----    ----
   PDATA SIZE       =   ----    ----
   DATA SIZE        =   ----    ----
   IDATA SIZE       =   ----    ----
   BIT SIZE         =   ----       1
END OF MODULE INFORMATION.


C51 COMPILATION COMPLETE.  0 WARNING(S),  0 ERROR(S)
