C51 COMPILER V9.01   KEYS                                                                  07/25/2019 19:58:15 PAGE 1   


C51 COMPILER V9.01, COMPILATION OF MODULE KEYS
OBJECT MODULE PLACED IN keys.OBJ
COMPILER INVOKED BY: C:\Keil\C51\BIN\C51.EXE keys.c BROWSE DEBUG OBJECTEXTEND

line level    source

   1          #include <reg52.h>
   2          #include "digitron_drv.h"
   3          #define unit unsigned int
   4          #define uchar unsigned char
   5          uchar key_num;
   6          
   7          void delay(uchar x){
   8   1              uchar i,j;
   9   1              for(i=x;i>0;i--)
  10   1                      for(j=100;j>0;j--);
  11   1      }
  12          
  13          void display(void){
  14   1              DigShowNumber(1, key_num%10, 0);
  15   1              DigShowNumber(2, key_num/10, 0);
  16   1      }
  17          
  18          void keyBoard(void){
  19   1              uchar tmp;
  20   1      
  21   1              P1 = 0xef;
  22   1              tmp = P1;
  23   1              tmp = tmp&0x0f;
  24   1              if (tmp!=0x0f){
  25   2                      delay(10);
  26   2                      tmp = P1;
  27   2                      tmp = tmp&0x0f;
  28   2                      if (tmp!=0x0f){
  29   3                              tmp = P1;
  30   3                              switch(tmp){
  31   4                                      case 0xee: // if p1 = 0xee, 7 is pushed
  32   4                                              key_num = 7;
  33   4                                              break;
  34   4                                      case 0xed:
  35   4                                              key_num = 4;
  36   4                                              break;
  37   4                                      case 0xeb:
  38   4                                              key_num = 1;
  39   4                                              break;
  40   4                                      case 0xe7:
  41   4                                              key_num = 0;
  42   4                                              break;
  43   4                              }
  44   3                      }
  45   2                      while(tmp!=0x0f){
  46   3                              tmp = P1;
  47   3                              tmp = tmp&0x0f;
  48   3                              
  49   3                              display();
  50   3                      }
  51   2              } 
  52   1      
  53   1              P1 = 0xdf;
  54   1              tmp = P1;
  55   1              tmp = tmp&0x0f;
C51 COMPILER V9.01   KEYS                                                                  07/25/2019 19:58:15 PAGE 2   

  56   1              if (tmp!=0x0f){
  57   2                      delay(10);
  58   2                      tmp = P1;
  59   2                      tmp = tmp&0x0f;
  60   2                      if (tmp!=0x0f){
  61   3                              tmp = P1;
  62   3                              switch(tmp){
  63   4                                      case 0xde: // if p1 = 0xee, 7 is pushed
  64   4                                              key_num = 8;
  65   4                                              break;
  66   4                                      case 0xdd:
  67   4                                              key_num = 5;
  68   4                                              break;
  69   4                                      case 0xdb:
  70   4                                              key_num = 2;
  71   4                                              break;
  72   4                                      case 0xd7:
  73   4                                              key_num = 10;
  74   4                                              break;
  75   4                              }
  76   3                      }
  77   2                      while(tmp!=0x0f){
  78   3                              tmp = P1;
  79   3                              tmp = tmp&0x0f;
  80   3                              
  81   3                              display();
  82   3                      }
  83   2              }
  84   1      
  85   1              P1 = 0xbf;
  86   1              tmp = P1;
  87   1              tmp = tmp&0x0f;
  88   1              if (tmp!=0x0f){
  89   2                      delay(10);
  90   2                      tmp = P1;
  91   2                      tmp = tmp&0x0f;
  92   2                      if (tmp!=0x0f){
  93   3                              tmp = P1;
  94   3                              switch(tmp){
  95   4                                      case 0xbe: // if p1 = 0xee, 7 is pushed
  96   4                                              key_num = 9;
  97   4                                              break;
  98   4                                      case 0xbd:
  99   4                                              key_num = 6;
 100   4                                              break;
 101   4                                      case 0xbb:
 102   4                                              key_num = 3;
 103   4                                              break;
 104   4                                      case 0xb7:
 105   4                                              key_num = 11;
 106   4                                              break;
 107   4                              }
 108   3                      }
 109   2                      while(tmp!=0x0f){
 110   3                              tmp = P1;
 111   3                              tmp = tmp&0x0f;
 112   3                              
 113   3                              display();
 114   3                      }
 115   2              }
 116   1      
 117   1              P1 = 0x7f;
C51 COMPILER V9.01   KEYS                                                                  07/25/2019 19:58:15 PAGE 3   

 118   1              tmp = P1;
 119   1              tmp = tmp&0x0f;
 120   1              if (tmp!=0x0f){
 121   2                      delay(10);
 122   2                      tmp = P1;
 123   2                      tmp = tmp&0x0f;
 124   2                      if (tmp!=0x0f){
 125   3                              tmp = P1;
 126   3                              switch(tmp){
 127   4                                      case 0x7e: // if p1 = 0xee, 7 is pushed
 128   4                                              key_num = 12;
 129   4                                              break;
 130   4                                      case 0x7d:
 131   4                                              key_num = 13;
 132   4                                              break;
 133   4                                      case 0x7b:
 134   4                                              key_num = 14;
 135   4                                              break;
 136   4                                      case 0x77:
 137   4                                              key_num = 115;
 138   4                                              break;
 139   4                              }
 140   3                      }
 141   2                      while(tmp!=0x0f){
 142   3                              tmp = P1;
 143   3                              tmp = tmp&0x0f;
 144   3                              
 145   3                              display();
 146   3                      }
 147   2              }
 148   1      }
 149          
 150          void main(void){
 151   1              while(1){
 152   2                      keyBoard();
 153   2                      display();
 154   2              }
 155   1      }


MODULE INFORMATION:   STATIC OVERLAYABLE
   CODE SIZE        =    382    ----
   CONSTANT SIZE    =   ----    ----
   XDATA SIZE       =   ----    ----
   PDATA SIZE       =   ----    ----
   DATA SIZE        =      1       1
   IDATA SIZE       =   ----    ----
   BIT SIZE         =   ----    ----
END OF MODULE INFORMATION.


C51 COMPILATION COMPLETE.  0 WARNING(S),  0 ERROR(S)
