C51 COMPILER V9.01   DS1302                                                                07/27/2019 22:01:06 PAGE 1   


C51 COMPILER V9.01, COMPILATION OF MODULE DS1302
OBJECT MODULE PLACED IN ds1302.OBJ
COMPILER INVOKED BY: C:\Keil\C51\BIN\C51.EXE ds1302.c BROWSE DEBUG OBJECTEXTEND

line level    source

   1          #include <reg52.h>
   2          #include "dig.h"
   3          
   4          void main(void){
   5   1              showNumber(num[3], pos[2]);
   6   1              while(1);
   7   1      }


MODULE INFORMATION:   STATIC OVERLAYABLE
   CODE SIZE        =      9    ----
   CONSTANT SIZE    =   ----    ----
   XDATA SIZE       =   ----    ----
   PDATA SIZE       =   ----    ----
   DATA SIZE        =   ----    ----
   IDATA SIZE       =   ----    ----
   BIT SIZE         =   ----    ----
END OF MODULE INFORMATION.


C51 COMPILATION COMPLETE.  0 WARNING(S),  0 ERROR(S)
